INFO - date and time: 2024-05-22 14:25:15,707 - file name: cli.py - line 55 -msg: choose '1' from main menu
INFO - date and time: 2024-05-22 14:25:17,697 - file name: cli.py - line 87 -msg: try to add a new 'Lion'
INFO - date and time: 2024-05-22 14:25:21,089 - file name: cli.py - line 99 -msg: successfully add a new Lion name: 's'
INFO - date and time: 2024-05-22 14:25:22,362 - file name: cli.py - line 55 -msg: choose '2' from main menu
INFO - date and time: 2024-05-22 14:25:22,362 - file name: cli.py - line 113 -msg: Printing information about all animals in the zoo.
INFO - date and time: 2024-05-22 14:25:24,656 - file name: cli.py - line 55 -msg: choose '3' from main menu
INFO - date and time: 2024-05-22 14:25:28,157 - file name: cli.py - line 125 -msg: successfully exported to try.json
INFO - date and time: 2024-05-22 14:25:31,586 - file name: cli.py - line 55 -msg: choose '4' from main menu
INFO - date and time: 2024-05-22 14:25:31,586 - file name: cli.py - line 137 -msg: print oldest animal Lion(name='s', age='12', gender='male')
INFO - date and time: 2024-05-22 14:25:35,738 - file name: cli.py - line 55 -msg: choose '5' from main menu
INFO - date and time: 2024-05-22 14:25:35,738 - file name: cli.py - line 146 -msg: print animal count
INFO - date and time: 2024-05-22 14:25:39,202 - file name: cli.py - line 55 -msg: choose '6' from main menu
INFO - date and time: 2024-05-22 14:25:39,202 - file name: cli.py - line 155 -msg: try to load animals from json
INFO - date and time: 2024-05-22 14:25:44,108 - file name: cli.py - line 176 -msg: successfully add a new Lion name: 'shimon'
INFO - date and time: 2024-05-22 14:25:44,108 - file name: cli.py - line 176 -msg: successfully add a new Lion name: 'alon'
INFO - date and time: 2024-05-22 14:25:44,108 - file name: cli.py - line 176 -msg: successfully add a new Lion name: 'arusi'
INFO - date and time: 2024-05-22 14:25:44,108 - file name: cli.py - line 176 -msg: successfully add a new Lion name: 'izi'
INFO - date and time: 2024-05-22 14:25:44,108 - file name: cli.py - line 176 -msg: successfully add a new Rabbit name: 'lala'
INFO - date and time: 2024-05-22 14:25:44,109 - file name: cli.py - line 176 -msg: successfully add a new Rabbit name: 'kale'
INFO - date and time: 2024-05-22 14:25:44,109 - file name: cli.py - line 179 -msg: load animals successfully
INFO - date and time: 2024-05-22 14:25:48,252 - file name: cli.py - line 55 -msg: choose '7' from main menu
INFO - date and time: 2024-05-22 14:25:50,415 - file name: cli.py - line 198 -msg: print number of specific animal
INFO - date and time: 2024-05-22 14:25:53,919 - file name: cli.py - line 55 -msg: choose '7' from main menu
INFO - date and time: 2024-05-22 14:25:55,786 - file name: cli.py - line 198 -msg: print number of specific animal
INFO - date and time: 2024-05-22 14:25:59,537 - file name: cli.py - line 55 -msg: choose '2' from main menu
INFO - date and time: 2024-05-22 14:25:59,537 - file name: cli.py - line 113 -msg: Printing information about all animals in the zoo.
INFO - date and time: 2024-05-22 14:26:01,314 - file name: cli.py - line 55 -msg: choose '3' from main menu
INFO - date and time: 2024-05-22 14:26:08,289 - file name: cli.py - line 125 -msg: successfully exported to try2.json
INFO - date and time: 2024-05-22 14:26:10,619 - file name: cli.py - line 55 -msg: choose '8' from main menu
INFO - date and time: 2024-05-22 14:26:11,119 - file name: cli.py - line 75 -msg: exit the program
